<?xml version="1.0" encoding="UTF-8"?>
<testsuite name="de.fh_zwickau.oose.zuul04.HebelTest" tests="2" skipped="0" failures="0" errors="0" timestamp="2022-12-24T18:11:54" hostname="SWAG-LAPTOP" time="0.002">
  <properties/>
  <testcase name="Test für das Umlegen des Hebels" classname="de.fh_zwickau.oose.zuul04.HebelTest" time="0.0"/>
  <testcase name="Test für den Zustand des Hebels" classname="de.fh_zwickau.oose.zuul04.HebelTest" time="0.001"/>
  <system-out><![CDATA[]]></system-out>
  <system-err><![CDATA[]]></system-err>
</testsuite>
